in thread runFun x from torent comunicator server__: x ran with args (1, 5, 1607416121.4208136) from client <torent.client.client object at 0x000002451F6C9940>
in thread runFun x from torent comunicator client_y: x ran with args (1, 5, 1607416121.4208136) from client <torent.client.client object at 0x000002451F6E56A0>
in thread runFun x from torent comunicator client_n: x ran with args (1, 5, 1607416121.4208136) from client <torent.client.client object at 0x000002451F6DBA20>
in thread runFun x from torent comunicator 9UJDXSMUXL: x ran with args (1, 5, 1607422442.3218002) from client <torent.client.client object at 0x000001E10C54CFD0>
in thread runFun x from torent comunicator client_y: x ran with args (1, 5, 1607422442.3218002) from client <torent.client.client object at 0x000001E10C559B70>
in thread runFun x from torent comunicator client_n: x ran with args (1, 5, 1607422442.3218002) from client <torent.client.client object at 0x000001E10C566780>
in thread runFun x from torent comunicator 9UJDXSMUXL: x ran with args (1, 5, 1607422493.8574002) from client <torent.client.client object at 0x0000022A8549B6D8>
in thread runFun x from torent comunicator client_y: x ran with args (1, 5, 1607422493.8574002) from client <torent.client.client object at 0x0000022A854B8F60>
in thread runFun x from torent comunicator client_n: x ran with args (1, 5, 1607422493.8574002) from client <torent.client.client object at 0x0000022A854B85F8>
in thread runFun x from torent comunicator 9UJDXSMUXL: x ran with args (1, 5, 1607423183.7804098) from client <torent.client.client object at 0x0000021AF71E9E48>
in thread runFun x from torent comunicator client_n: x ran with args (1, 5, 1607423183.7804098) from client <torent.client.client object at 0x0000021AF71FAE80>
in thread runFun x from torent comunicator client_y: x ran with args (1, 5, 1607423183.7804098) from client <torent.client.client object at 0x0000021AF71FA668>
in thread runFun x from torent comunicator client_n: x ran with args (1, 5, 1607423273.0020485) from client <torent.client.client object at 0x00000178ADAC5080>
in thread runFun x from torent comunicator client_y: x ran with args (1, 5, 1607423273.0020485) from client <torent.client.client object at 0x00000178ADAC5C18>
in thread runFun x from torent comunicator 9UJDXSMUXL: x ran with args (1, 5, 1607423273.0020485) from client <torent.client.client object at 0x00000178ADAACE80>
in thread runFun x from torent comunicator client_n: x ran with args (1, 5, 1607423317.4318357) from client <torent.client.client object at 0x000001F694E59E10>
in thread runFun x from torent comunicator 9UJDXSMUXL: x ran with args (1, 5, 1607423317.4318357) from client <torent.client.client object at 0x000001F694E4CF28>
in thread runFun x from torent comunicator client_y: x ran with args (1, 5, 1607423317.4318357) from client <torent.client.client object at 0x000001F694E59240>
in thread runFun x from torent comunicator 9UJDXSMUXL: x ran with args (1, 5, 1607423372.5184596) from client <torent.client.client object at 0x0000020C037FCDA0>
in thread runFun x from torent comunicator client_n: x ran with args (1, 5, 1607423372.5184596) from client <torent.client.client object at 0x0000020C03816940>
in thread runFun x from torent comunicator client_y: x ran with args (1, 5, 1607423372.5184596) from client <torent.client.client object at 0x0000020C03816C50>
in thread runFun x from torent comunicator client_n: x ran with args (1, 5, 1607423408.5054078) from client <torent.client.client object at 0x0000028AFEA874A8>
in thread runFun x from torent comunicator client_y: x ran with args (1, 5, 1607423408.5054078) from client <torent.client.client object at 0x0000028AFEA87BA8>
in thread runFun x from torent comunicator 9UJDXSMUXL: x ran with args (1, 5, 1607423408.5054078) from client <torent.client.client object at 0x0000028AFEA68F28>
